Using pre-set license
Built from '6000.1/staging' branch; Version is '6000.1.8f1 (2a5b1522e5ab) revision 2775829'; Using compiler version '194234433'; Build Type 'Release'
OS: 'Windows 11  (10.0.26100) 64bit CoreSingleLanguage' Language: 'pt' Physical Memory: 7530 MB
BatchMode: 1, IsHumanControllingUs: 0, StartBugReporterOnCrash: 0, Is64bit: 1, IsPro: 1
Date: 2025-09-09T15:37:00Z

COMMAND LINE ARGUMENTS:
C:\Program Files\Unity\Hub\Editor\6000.1.8f1\Editor\Unity.exe
-adb2
-batchMode
-noUpm
-name
AssetImportWorker1
-projectPath
D:/Senai/2025/TPGD - T√©cnico em Programa√ß√£o de Jogos Digitais/Prot√≥tipos e Projetos/Random Numbers
-logFile
Logs/AssetImportWorker1.log
-srvPort
55332
-job-worker-count
7
-background-job-worker-count
8
-gc-helper-count
1
-name
AssetImport
Successfully changed project path to: D:/Senai/2025/TPGD - T√©cnico em Programa√ß√£o de Jogos Digitais/Prot√≥tipos e Projetos/Random Numbers
D:/Senai/2025/TPGD - T√©cnico em Programa√ß√£o de Jogos Digitais/Prot√≥tipos e Projetos/Random Numbers
[UnityMemory] Configuration Parameters - Can be set up in boot.config
    "memorysetup-allocator-temp-initial-block-size-main=262144"
    "memorysetup-allocator-temp-initial-block-size-worker=262144"
    "memorysetup-bucket-allocator-granularity=16"
    "memorysetup-bucket-allocator-bucket-count=8"
    "memorysetup-bucket-allocator-block-size=33554432"
    "memorysetup-bucket-allocator-block-count=8"
    "memorysetup-main-allocator-block-size=16777216"
    "memorysetup-thread-allocator-block-size=16777216"
    "memorysetup-gfx-main-allocator-block-size=16777216"
    "memorysetup-gfx-thread-allocator-block-size=16777216"
    "memorysetup-cache-allocator-block-size=4194304"
    "memorysetup-typetree-allocator-block-size=2097152"
    "memorysetup-profiler-bucket-allocator-granularity=16"
    "memorysetup-profiler-bucket-allocator-bucket-count=8"
    "memorysetup-profiler-bucket-allocator-block-size=33554432"
    "memorysetup-profiler-bucket-allocator-block-count=8"
    "memorysetup-profiler-allocator-block-size=16777216"
    "memorysetup-profiler-editor-allocator-block-size=1048576"
    "memorysetup-temp-allocator-size-main=16777216"
    "memorysetup-job-temp-allocator-block-size=2097152"
    "memorysetup-job-temp-allocator-block-size-background=1048576"
    "memorysetup-job-temp-allocator-reduction-small-platforms=262144"
    "memorysetup-temp-allocator-size-background-worker=32768"
    "memorysetup-temp-allocator-size-job-worker=262144"
    "memorysetup-temp-allocator-size-preload-manager=33554432"
    "memorysetup-temp-allocator-size-nav-mesh-worker=65536"
    "memorysetup-temp-allocator-size-audio-worker=65536"
    "memorysetup-temp-allocator-size-cloud-worker=32768"
    "memorysetup-temp-allocator-size-gi-baking-worker=262144"
    "memorysetup-temp-allocator-size-gi-baking-worker=262144"
    "memorysetup-temp-allocator-size-gi-baking-worker=262144"
    "memorysetup-temp-allocator-size-gi-baking-worker=262144"
    "memorysetup-temp-allocator-size-gi-baking-worker=262144"
    "memorysetup-temp-allocator-size-gfx=262144"
Player connection [9152]  Target information:

Player connection [9152]  * "[IP] 192.168.25.4 [Port] 0 [Flags] 2 [Guid] 3555789199 [EditorId] 3555789199 [Version] 1048832 [Id] WindowsEditor(7,Pixelikas-Note) [Debug] 1 [PackageName] WindowsEditor [ProjectName] Editor" 

Player connection [9152] Host joined multi-casting on [225.0.0.222:54997]...
Player connection [9152] Host joined alternative multi-casting on [225.0.0.222:34997]...
JobSystem: Creating JobQueue using job-worker-count value 7
Input System module state changed to: Initialized.
[Physics::Module] Initialized fallback backend.
[Physics::Module] Id: 0xdecafbad
Library Redirect Path: Library/
[Physics::Module] Selected backend.
[Physics::Module] Name: PhysX
[Physics::Module] Id: 0xf2b8ea05
[Physics::Module] SDK Version: 4.1.2
[Physics::Module] Integration Version: 1.0.0
[Physics::Module] Threading Mode: Multi-Threaded
Refreshing native plugins compatible for Editor in 521.79 ms, found 4 plugins.
Preloading 0 native plugins for Editor in 0.00 ms.
Initialize engine version: 6000.1.8f1 (2a5b1522e5ab)
[Subsystems] Discovering subsystems at path C:/Program Files/Unity/Hub/Editor/6000.1.8f1/Editor/Data/Resources/UnitySubsystems
[Subsystems] Discovering subsystems at path D:/Senai/2025/TPGD - T√©cnico em Programa√ß√£o de Jogos Digitais/Prot√≥tipos e Projetos/Random Numbers/Assets
GfxDevice: creating device client; kGfxThreadingModeNonThreaded
Direct3D:
    Version:         Direct3D 12 [level 12.1]
    Renderer:        AMD Radeon(TM) Graphics (ID=0x164c)
    Vendor:          ATI
    VRAM:            3765 MB
    App VRAM Budget: 3834 MB
    Driver:          31.0.21923.1000
    Unified Memory Architecture
Initialize mono
Mono path[0] = 'C:/Program Files/Unity/Hub/Editor/6000.1.8f1/Editor/Data/Managed'
Mono path[1] = 'C:/Program Files/Unity/Hub/Editor/6000.1.8f1/Editor/Data/MonoBleedingEdge/lib/mono/unityjit-win32'
Mono config path = 'C:/Program Files/Unity/Hub/Editor/6000.1.8f1/Editor/Data/MonoBleedingEdge/etc'
Using monoOptions --debugger-agent=transport=dt_socket,embedding=1,server=y,suspend=n,address=127.0.0.1:56528
Begin MonoManager ReloadAssembly
Registering precompiled unity dll's ...
Register platform support module: C:/Program Files/Unity/Hub/Editor/6000.1.8f1/Editor/Data/PlaybackEngines/WebGLSupport/UnityEditor.WebGL.Extensions.dll
Register platform support module: C:/Program Files/Unity/Hub/Editor/6000.1.8f1/Editor/Data/PlaybackEngines/WindowsStandaloneSupport/UnityEditor.WindowsStandalone.Extensions.dll
Registered in 0.022649 seconds.
- Loaded All Assemblies, in  1.960 seconds
Native extension for WindowsStandalone target not found
Native extension for WebGL target not found
Mono: successfully reloaded assembly
- Finished resetting the current domain, in  1.442 seconds
Domain Reload Profiling: 3396ms
	BeginReloadAssembly (818ms)
		ExecutionOrderSort (0ms)
		DisableScriptedObjects (0ms)
		BackupInstance (0ms)
		ReleaseScriptingObjects (0ms)
		CreateAndSetChildDomain (7ms)
	RebuildCommonClasses (178ms)
	RebuildNativeTypeToScriptingClass (46ms)
	initialDomainReloadingComplete (248ms)
	LoadAllAssembliesAndSetupDomain (665ms)
		LoadAssemblies (801ms)
		RebuildTransferFunctionScriptingTraits (0ms)
		AnalyzeDomain (643ms)
			TypeCache.Refresh (638ms)
				TypeCache.ScanAssembly (569ms)
			BuildScriptInfoCaches (1ms)
			ResolveRequiredComponents (1ms)
	FinalizeReload (1442ms)
		ReleaseScriptCaches (0ms)
		RebuildScriptCaches (0ms)
		SetupLoadedEditorAssemblies (1311ms)
			LogAssemblyErrors (0ms)
			InitializePlatformSupportModulesInManaged (201ms)
			SetLoadedEditorAssemblies (17ms)
			BeforeProcessingInitializeOnLoad (278ms)
			ProcessInitializeOnLoadAttributes (499ms)
			ProcessInitializeOnLoadMethodAttributes (316ms)
			AfterProcessingInitializeOnLoad (0ms)
			EditorAssembliesLoaded (0ms)
		ExecutionOrderSort2 (0ms)
		AwakeInstancesAfterBackupRestoration (0ms)
========================================================================
Worker process is ready to serve import requests
Import Worker Mode flag is 0x00
Begin MonoManager ReloadAssembly
DirectoryNotFoundException: Could not find a part of the path "D:\Senai\2025\TPGD - T√©cnico em Programa√ß√£o de Jogos Digitais\Prot√≥tipos e Projetos\Random Numbers\Library\PackageCache\com.unity.collab-proxy@c854d1f7d97f\Lib\Editor\unityplastic.dll".
  at System.IO.FileStream..ctor (System.String path, System.IO.FileMode mode, System.IO.FileAccess access, System.IO.FileShare share, System.Int32 bufferSize, System.Boolean anonymous, System.IO.FileOptions options) [0x00164] in <d6e80b37d98246a5859a00c653f9fdf3>:0 
  at System.IO.FileStream..ctor (System.String path, System.IO.FileMode mode, System.IO.FileAccess access, System.IO.FileShare share) [0x00000] in <d6e80b37d98246a5859a00c653f9fdf3>:0 
  at (wrapper remoting-invoke-with-check) System.IO.FileStream..ctor(string,System.IO.FileMode,System.IO.FileAccess,System.IO.FileShare)
  at Mono.Cecil.ModuleDefinition.GetFileStream (System.String fileName, System.IO.FileMode mode, System.IO.FileAccess access, System.IO.FileShare share) [0x00006] in <a6860a9f6366437387ebdc1f225b7fd4>:0 
  at Mono.Cecil.ModuleDefinition.ReadModule (System.String fileName, Mono.Cecil.ReaderParameters parameters) [0x00008] in <a6860a9f6366437387ebdc1f225b7fd4>:0 
  at Mono.Cecil.AssemblyDefinition.ReadAssembly (System.String fileName, Mono.Cecil.ReaderParameters parameters) [0x00000] in <a6860a9f6366437387ebdc1f225b7fd4>:0 
  at UnityEditor.AssemblyValidation.LoadAssemblyDefinitions (System.String[] assemblyPaths, System.String[] searchPaths) [0x00048] in <9d58b7ff89f8466b9ad84b9b8bc91942>:0 
  at UnityEditor.AssemblyValidation.ValidateAssemblies (System.String[] assemblyPaths, System.Boolean enableLogging) [0x00007] in <9d58b7ff89f8466b9ad84b9b8bc91942>:0 

Loading assembly failed: "Packages/com.unity.collab-proxy/Lib/Editor/unityplastic.dll"
Loading assembly failed: "Packages/com.unity.collab-proxy/Lib/Editor/Unity.Plastic.Antlr3.Runtime.dll"
Loading assembly failed: "Packages/com.unity.collab-proxy/Lib/Editor/Unity.Plastic.Newtonsoft.Json.dll"
Loading assembly failed: "Packages/com.unity.collab-proxy/Lib/Editor/log4netPlastic.dll"
Unloading broken assembly Library/ScriptAssemblies/Unity.PlasticSCM.Editor.dll, this assembly can cause crashes in the runtime
- Loaded All Assemblies, in 21.658 seconds
Assertion failed on expression: 'IsFileCreated(assemblyPath)'
Assertion failed on expression: 'IsFileCreated(assemblyPath)'
Compilation Pipeline: Could not read file Packages/com.unity.collab-proxy/Editor/Toolbar/Unity.CollabProxy.Editor.asmdef
Fatal Error! Compilation Pipeline: Could not read file Packages/com.unity.collab-proxy/Editor/Toolbar/Unity.CollabProxy.Editor.asmdef
Crash!!!
SymInit: Symbol-SearchPath: 'C:/Program Files/Unity/Hub/Editor/6000.1.8f1/Editor/Data/Mono;.;D:\Senai\2025\TPGD - TÈcnico em ProgramaÁ„o de Jogos Digitais\ProtÛtipos e Projetos\Random Numbers;D:\Senai\2025\TPGD - TÈcnico em ProgramaÁ„o de Jogos Digitais\ProtÛtipos e Projetos\Random Numbers\Library\BurstCache\JIT;C:\Program Files\Unity\Hub\Editor\6000.1.8f1\Editor;C:\WINDOWS;C:\WINDOWS\system32;', symOptions: 534, UserName: 'lucas'
OS-Version: 10.0.0
C:\Program Files\Unity\Hub\Editor\6000.1.8f1\Editor\Unity.exe:Unity.exe (00007FF627070000), size: 290816 (result: 0), SymType: '-deferred-', PDB: '', fileVersion: 6000.1.8.23317
C:\WINDOWS\SYSTEM32\ntdll.dll:ntdll.dll (00007FFB98B20000), size: 2519040 (result: 0), SymType: '-deferred-', PDB: '', fileVersion: 10.0.26100.4768
C:\WINDOWS\System32\KERNEL32.DLL:KERNEL32.DLL (00007FFB97D80000), size: 823296 (result: 0), SymType: '-deferred-', PDB: '', fileVersion: 10.0.26100.4768
C:\WINDOWS\System32\KERNELBASE.dll:KERNELBASE.dll (00007FFB95E80000), size: 4128768 (result: 0), SymType: '-deferred-', PDB: '', fileVersion: 10.0.26100.4946
C:\WINDOWS\SYSTEM32\apphelp.dll:apphelp.dll (00007FFB92BD0000), size: 647168 (result: 0), SymType: '-deferred-', PDB: '', fileVersion: 10.0.26100.4768
C:\WINDOWS\System32\USER32.dll:USER32.dll (00007FFB969C0000), size: 1855488 (result: 0), SymType: '-deferred-', PDB: '', fileVersion: 10.0.26100.4946
C:\WINDOWS\System32\win32u.dll:win32u.dll (00007FFB96310000), size: 159744 (result: 0), SymType: '-deferred-', PDB: '', fileVersion: 10.0.26100.4946
C:\WINDOWS\System32\GDI32.dll:GDI32.dll (00007FFB97690000), size: 176128 (result: 0), SymType: '-deferred-', PDB: '', fileVersion: 10.0.26100.4768
C:\WINDOWS\System32\gdi32full.dll:gdi32full.dll (00007FFB96340000), size: 1277952 (result: 0), SymType: '-deferred-', PDB: '', fileVersion: 10.0.26100.4768
C:\WINDOWS\System32\msvcp_win.dll:msvcp_win.dll (00007FFB95DD0000), size: 667648 (result: 0), SymType: '-deferred-', PDB: '', fileVersion: 10.0.26100.4768
C:\WINDOWS\System32\ucrtbase.dll:ucrtbase.dll (00007FFB96540000), size: 1355776 (result: 0), SymType: '-deferred-', PDB: '', fileVersion: 10.0.26100.4768
C:\WINDOWS\System32\IMM32.DLL:IMM32.DLL (00007FFB97530000), size: 192512 (result: 0), SymType: '-deferred-', PDB: '', fileVersion: 10.0.26100.4484
C:\Program Files\Unity\Hub\Editor\6000.1.8f1\Editor\Unity.dll:Unity.dll (00007FFABC5C0000), size: 86953984 (result: 0), SymType: '-deferred-', PDB: '', fileVersion: 6000.1.8.23317
C:\WINDOWS\System32\CRYPT32.dll:CRYPT32.dll (00007FFB96690000), size: 1536000 (result: 0), SymType: '-deferred-', PDB: '', fileVersion: 10.0.26100.4768
C:\WINDOWS\System32\ADVAPI32.dll:ADVAPI32.dll (00007FFB96E70000), size: 737280 (result: 0), SymType: '-deferred-', PDB: '', fileVersion: 10.0.26100.4652
C:\WINDOWS\System32\msvcrt.dll:msvcrt.dll (00007FFB96DC0000), size: 692224 (result: 0), SymType: '-deferred-', PDB: '', fileVersion: 7.0.26100.4768
C:\WINDOWS\System32\sechost.dll:sechost.dll (00007FFB96910000), size: 679936 (result: 0), SymType: '-deferred-', PDB: '', fileVersion: 10.0.26100.4768
C:\Program Files\Unity\Hub\Editor\6000.1.8f1\Editor\etccompress.dll:etccompress.dll (00007FFB30EF0000), size: 5070848 (result: 0), SymType: '-deferred-', PDB: ''
C:\Program Files\Unity\Hub\Editor\6000.1.8f1\Editor\s3tcompress.dll:s3tcompress.dll (00007FFB85DE0000), size: 180224 (result: 0), SymType: '-deferred-', PDB: ''
C:\WINDOWS\System32\RPCRT4.dll:RPCRT4.dll (00007FFB97570000), size: 1146880 (result: 0), SymType: '-deferred-', PDB: '', fileVersion: 10.0.26100.4768
C:\Program Files\Unity\Hub\Editor\6000.1.8f1\Editor\libfbxsdk.dll:libfbxsdk.dll (00007FFB1B950000), size: 8019968 (result: 0), SymType: '-deferred-', PDB: '', fileVersion: 2020.3.7.0
C:\Program Files\Unity\Hub\Editor\6000.1.8f1\Editor\ispc_texcomp.dll:ispc_texcomp.dll (00007FFB33100000), size: 1826816 (result: 0), SymType: '-deferred-', PDB: ''
C:\WINDOWS\System32\ole32.dll:ole32.dll (00007FFB96BC0000), size: 1703936 (result: 0), SymType: '-deferred-', PDB: '', fileVersion: 10.0.26100.4768
C:\Program Files\Unity\Hub\Editor\6000.1.8f1\Editor\compress_bc7e.dll:compress_bc7e.dll (00007FFB32FA0000), size: 1433600 (result: 0), SymType: '-deferred-', PDB: ''
C:\Program Files\Unity\Hub\Editor\6000.1.8f1\Editor\FreeImage.dll:FreeImage.dll (0000000180000000), size: 5783552 (result: 0), SymType: '-deferred-', PDB: '', fileVersion: 3.18.0.0
C:\WINDOWS\System32\combase.dll:combase.dll (00007FFB971A0000), size: 3690496 (result: 0), SymType: '-deferred-', PDB: '', fileVersion: 10.0.26100.4768
C:\WINDOWS\System32\WS2_32.dll:WS2_32.dll (00007FFB97120000), size: 475136 (result: 0), SymType: '-deferred-', PDB: '', fileVersion: 10.0.26100.4768
C:\Program Files\Unity\Hub\Editor\6000.1.8f1\Editor\WinPixEventRuntime.dll:WinPixEventRuntime.dll (00007FFB8CDE0000), size: 53248 (result: 0), SymType: '-deferred-', PDB: '', fileVersion: 1.0.2201.24001
C:\WINDOWS\System32\SETUPAPI.dll:SETUPAPI.dll (00007FFB97840000), size: 4743168 (result: 0), SymType: '-deferred-', PDB: '', fileVersion: 10.0.26100.4768
C:\WINDOWS\System32\SHELL32.dll:SHELL32.dll (00007FFB980D0000), size: 7655424 (result: 0), SymType: '-deferred-', PDB: '', fileVersion: 10.0.26100.4768
C:\Program Files\Unity\Hub\Editor\6000.1.8f1\Editor\umbraoptimizer64.dll:umbraoptimizer64.dll (00007FFB41A20000), size: 1187840 (result: 0), SymType: '-deferred-', PDB: ''
C:\WINDOWS\System32\wintypes.dll:wintypes.dll (00007FFB95C50000), size: 1519616 (result: 0), SymType: '-deferred-', PDB: '', fileVersion: 10.0.26100.4768
C:\WINDOWS\System32\SHLWAPI.dll:SHLWAPI.dll (00007FFB97E50000), size: 434176 (result: 0), SymType: '-deferred-', PDB: '', fileVersion: 10.0.26100.4768
C:\WINDOWS\SYSTEM32\MSVCP140.dll:MSVCP140.dll (00007FFB40AE0000), size: 561152 (result: 0), SymType: '-deferred-', PDB: '', fileVersion: 14.44.35208.0
C:\WINDOWS\SYSTEM32\bcrypt.dll:bcrypt.dll (00007FFB95B40000), size: 155648 (result: 0), SymType: '-deferred-', PDB: '', fileVersion: 10.0.26100.4768
C:\WINDOWS\WinSxS\amd64_microsoft.windows.common-controls_6595b64144ccf1df_6.0.26100.4768_none_3e0c112ce331287c\COMCTL32.dll:COMCTL32.dll (00007FFB71C50000), size: 2727936 (result: 0), SymType: '-deferred-', PDB: '', fileVersion: 6.10.26100.4768
C:\WINDOWS\System32\OLEAUT32.dll:OLEAUT32.dll (00007FFB97EC0000), size: 917504 (result: 0), SymType: '-deferred-', PDB: '', fileVersion: 10.0.26100.4768
C:\WINDOWS\System32\WINTRUST.dll:WINTRUST.dll (00007FFB96280000), size: 540672 (result: 0), SymType: '-deferred-', PDB: '', fileVersion: 10.0.26100.4768
C:\WINDOWS\SYSTEM32\d3d11.dll:d3d11.dll (00007FFB91F00000), size: 2519040 (result: 0), SymType: '-deferred-', PDB: '', fileVersion: 10.0.26100.4768
C:\WINDOWS\SYSTEM32\VCRUNTIME140.dll:VCRUNTIME140.dll (00007FFB452E0000), size: 122880 (result: 0), SymType: '-deferred-', PDB: '', fileVersion: 14.44.35208.0
C:\WINDOWS\SYSTEM32\d3d12.dll:d3d12.dll (00007FFB8CF20000), size: 143360 (result: 0), SymType: '-deferred-', PDB: '', fileVersion: 10.0.26100.3624
C:\WINDOWS\SYSTEM32\dxgi.dll:dxgi.dll (00007FFB93000000), size: 1302528 (result: 0), SymType: '-deferred-', PDB: '', fileVersion: 10.0.26100.4768
C:\WINDOWS\SYSTEM32\HID.DLL:HID.DLL (00007FFB940A0000), size: 61440 (result: 0), SymType: '-deferred-', PDB: '', fileVersion: 10.0.26100.1150
C:\WINDOWS\SYSTEM32\dwmapi.dll:dwmapi.dll (00007FFB93170000), size: 217088 (result: 0), SymType: '-deferred-', PDB: '', fileVersion: 10.0.26100.4768
C:\WINDOWS\SYSTEM32\IPHLPAPI.DLL:IPHLPAPI.DLL (00007FFB943C0000), size: 208896 (result: 0), SymType: '-deferred-', PDB: '', fileVersion: 10.0.26100.4768
C:\WINDOWS\SYSTEM32\VCRUNTIME140_1.dll:VCRUNTIME140_1.dll (00007FFB730F0000), size: 49152 (result: 0), SymType: '-deferred-', PDB: '', fileVersion: 14.44.35208.0
C:\WINDOWS\SYSTEM32\OPENGL32.dll:OPENGL32.dll (00007FFB24170000), size: 1146880 (result: 0), SymType: '-deferred-', PDB: '', fileVersion: 10.0.26100.4768
C:\WINDOWS\SYSTEM32\WINHTTP.dll:WINHTTP.dll (00007FFB8D6F0000), size: 1171456 (result: 0), SymType: '-deferred-', PDB: '', fileVersion: 10.0.26100.4768
C:\WINDOWS\SYSTEM32\GLU32.dll:GLU32.dll (00007FFB23C20000), size: 184320 (result: 0), SymType: '-deferred-', PDB: '', fileVersion: 10.0.26100.1150
C:\WINDOWS\SYSTEM32\WINMM.dll:WINMM.dll (00007FFB8D4C0000), size: 217088 (result: 0), SymType: '-deferred-', PDB: '', fileVersion: 10.0.26100.4202
C:\Program Files\Unity\Hub\Editor\6000.1.8f1\Editor\SketchUpAPI.dll:SketchUpAPI.dll (00007FFB17E10000), size: 8990720 (result: 0), SymType: '-deferred-', PDB: '', fileVersion: 23.0.0.0
C:\Program Files\Unity\Hub\Editor\6000.1.8f1\Editor\NativeProxyHelper.dll:NativeProxyHelper.dll (00007FFB2FDA0000), size: 1789952 (result: 0), SymType: '-deferred-', PDB: ''
C:\WINDOWS\SYSTEM32\VERSION.dll:VERSION.dll (00007FFB8DE40000), size: 45056 (result: 0), SymType: '-deferred-', PDB: '', fileVersion: 10.0.26100.1150
C:\WINDOWS\SYSTEM32\WSOCK32.dll:WSOCK32.dll (00007FFB84170000), size: 40960 (result: 0), SymType: '-deferred-', PDB: '', fileVersion: 10.0.26100.1
C:\WINDOWS\SYSTEM32\Secur32.dll:Secur32.dll (00007FFB92C80000), size: 53248 (result: 0), SymType: '-deferred-', PDB: '', fileVersion: 10.0.26100.1
C:\Program Files\Unity\Hub\Editor\6000.1.8f1\Editor\SketchUpCommonPreferences.dll:SketchUpCommonPreferences.dll (00007FFB6DF80000), size: 499712 (result: 0), SymType: '-deferred-', PDB: '', fileVersion: 23.0.0.0
C:\WINDOWS\SYSTEM32\dxcore.dll:dxcore.dll (00007FFB92FB0000), size: 315392 (result: 0), SymType: '-deferred-', PDB: '', fileVersion: 10.0.26100.4768
C:\WINDOWS\SYSTEM32\SSPICLI.DLL:SSPICLI.DLL (00007FFB94C80000), size: 299008 (result: 0), SymType: '-deferred-', PDB: '', fileVersion: 10.0.26100.4484
C:\Program Files\Unity\Hub\Editor\6000.1.8f1\Editor\OpenRL.dll:OpenRL.dll (000001EDCAA80000), size: 12779520 (result: 0), SymType: '-deferred-', PDB: '', fileVersion: 1.5.0.2907
C:\WINDOWS\SYSTEM32\MSVCP100.dll:MSVCP100.dll (00000000558E0000), size: 622592 (result: 0), SymType: '-deferred-', PDB: '', fileVersion: 10.0.40219.325
C:\WINDOWS\SYSTEM32\cfgmgr32.DLL:cfgmgr32.DLL (00007FFB957A0000), size: 356352 (result: 0), SymType: '-deferred-', PDB: '', fileVersion: 10.0.26100.4202
C:\WINDOWS\SYSTEM32\MSVCR100.dll:MSVCR100.dll (0000000055800000), size: 860160 (result: 0), SymType: '-deferred-', PDB: '', fileVersion: 10.0.40219.325
C:\Program Files\Unity\Hub\Editor\6000.1.8f1\Editor\embree.dll:embree.dll (00007FFAFBB20000), size: 16711680 (result: 0), SymType: '-deferred-', PDB: '', fileVersion: 2.14.0.0
C:\WINDOWS\SYSTEM32\MSWSOCK.DLL:MSWSOCK.DLL (00007FFB94F60000), size: 438272 (result: 0), SymType: '-deferred-', PDB: '', fileVersion: 10.0.26100.4768
C:\Program Files\Unity\Hub\Editor\6000.1.8f1\Editor\tbb.dll:tbb.dll (00007FFB85AA0000), size: 303104 (result: 0), SymType: '-deferred-', PDB: '', fileVersion: 2020.3.2022.1111
C:\Program Files\Unity\Hub\Editor\6000.1.8f1\Editor\OpenRL_pthread.dll:OpenRL_pthread.dll (000001EDCB6D0000), size: 61440 (result: 0), SymType: '-deferred-', PDB: '', fileVersion: 2.9.0.0
C:\WINDOWS\SYSTEM32\directxdatabasehelper.dll:directxdatabasehelper.dll (00007FFB92F20000), size: 434176 (result: 0), SymType: '-deferred-', PDB: '', fileVersion: 10.0.26100.4768
C:\WINDOWS\SYSTEM32\kernel.appcore.dll:kernel.appcore.dll (00007FFB949D0000), size: 110592 (result: 0), SymType: '-deferred-', PDB: '', fileVersion: 10.0.26100.4768
C:\WINDOWS\System32\bcryptPrimitives.dll:bcryptPrimitives.dll (00007FFB96810000), size: 626688 (result: 0), SymType: '-deferred-', PDB: '', fileVersion: 10.0.26100.4768
C:\WINDOWS\SYSTEM32\MSASN1.dll:MSASN1.dll (00007FFB95290000), size: 77824 (result: 0), SymType: '-deferred-', PDB: '', fileVersion: 10.0.26100.4768
C:\WINDOWS\system32\uxtheme.dll:uxtheme.dll (00007FFB92DD0000), size: 716800 (result: 0), SymType: '-deferred-', PDB: '', fileVersion: 10.0.26100.4768
C:\WINDOWS\SYSTEM32\windows.storage.dll:windows.storage.dll (00007FFB93830000), size: 8781824 (result: 0), SymType: '-deferred-', PDB: '', fileVersion: 10.0.26100.4946
C:\WINDOWS\System32\SHCORE.dll:SHCORE.dll (00007FFB97740000), size: 1003520 (result: 0), SymType: '-deferred-', PDB: '', fileVersion: 10.0.26100.4946
C:\WINDOWS\SYSTEM32\profapi.dll:profapi.dll (00007FFB95B70000), size: 167936 (result: 0), SymType: '-deferred-', PDB: '', fileVersion: 10.0.26100.4768
C:\WINDOWS\system32\IconCodecService.dll:IconCodecService.dll (00007FFB5EFA0000), size: 45056 (result: 0), SymType: '-deferred-', PDB: '', fileVersion: 10.0.26100.1
C:\WINDOWS\SYSTEM32\WindowsCodecs.dll:WindowsCodecs.dll (00007FFB913F0000), size: 2355200 (result: 0), SymType: '-deferred-', PDB: '', fileVersion: 10.0.26100.4946
C:\WINDOWS\System32\clbcatq.dll:clbcatq.dll (00007FFB97CD0000), size: 688128 (result: 0), SymType: '-deferred-', PDB: '', fileVersion: 2001.12.10941.16384
C:\WINDOWS\System32\netprofm.dll:netprofm.dll (00007FFB8FBF0000), size: 413696 (result: 0), SymType: '-deferred-', PDB: '', fileVersion: 10.0.26100.4484
C:\WINDOWS\System32\NSI.dll:NSI.dll (00007FFB98820000), size: 40960 (result: 0), SymType: '-deferred-', PDB: '', fileVersion: 10.0.26100.4768
C:\WINDOWS\SYSTEM32\dhcpcsvc6.DLL:dhcpcsvc6.DLL (00007FFB8DE50000), size: 126976 (result: 0), SymType: '-deferred-', PDB: '', fileVersion: 10.0.26100.4768
C:\WINDOWS\SYSTEM32\dhcpcsvc.DLL:dhcpcsvc.DLL (00007FFB8D6C0000), size: 151552 (result: 0), SymType: '-deferred-', PDB: '', fileVersion: 10.0.26100.4768
C:\WINDOWS\SYSTEM32\DNSAPI.dll:DNSAPI.dll (00007FFB94400000), size: 1204224 (result: 0), SymType: '-deferred-', PDB: '', fileVersion: 10.0.26100.4768
C:\WINDOWS\system32\napinsp.dll:napinsp.dll (00007FFB7BC00000), size: 98304 (result: 0), SymType: '-deferred-', PDB: '', fileVersion: 10.0.26100.1150
C:\WINDOWS\System32\winrnr.dll:winrnr.dll (00007FFB7BBE0000), size: 73728 (result: 0), SymType: '-deferred-', PDB: '', fileVersion: 10.0.26100.1882
C:\WINDOWS\system32\wshbth.dll:wshbth.dll (00007FFB8DE80000), size: 131072 (result: 0), SymType: '-deferred-', PDB: '', fileVersion: 10.0.26100.4061
C:\WINDOWS\system32\nlansp_c.dll:nlansp_c.dll (00007FFB7BBA0000), size: 196608 (result: 0), SymType: '-deferred-', PDB: '', fileVersion: 10.0.26100.4768
C:\WINDOWS\System32\fwpuclnt.dll:fwpuclnt.dll (00007FFB8ABC0000), size: 548864 (result: 0), SymType: '-deferred-', PDB: '', fileVersion: 10.0.26100.4768
C:\Windows\System32\rasadhlp.dll:rasadhlp.dll (00007FFB86AD0000), size: 45056 (result: 0), SymType: '-deferred-', PDB: '', fileVersion: 10.0.26100.1150
C:\WINDOWS\System32\npmproxy.dll:npmproxy.dll (00007FFB8AB10000), size: 102400 (result: 0), SymType: '-deferred-', PDB: '', fileVersion: 10.0.26100.1150
C:\Program Files\Unity\Hub\Editor\6000.1.8f1\Editor\AMDUnityPlugin.DLL:AMDUnityPlugin.DLL (00007FFB12B30000), size: 8826880 (result: 0), SymType: '-deferred-', PDB: ''
C:\Program Files\Unity\Hub\Editor\6000.1.8f1\Editor\NVUnityPlugin.DLL:NVUnityPlugin.DLL (00007FFB2FC10000), size: 1605632 (result: 0), SymType: '-deferred-', PDB: ''
C:\Program Files\Unity\Hub\Editor\6000.1.8f1\Editor\Data\Tools\astcenc-avx2.dll:astcenc-avx2.dll (00007FFB85500000), size: 352256 (result: 0), SymType: '-deferred-', PDB: ''
C:\WINDOWS\System32\MMDevApi.dll:MMDevApi.dll (00007FFB8E010000), size: 663552 (result: 0), SymType: '-deferred-', PDB: '', fileVersion: 10.0.26100.4768
C:\WINDOWS\System32\DEVOBJ.dll:DEVOBJ.dll (00007FFB95800000), size: 184320 (result: 0), SymType: '-deferred-', PDB: '', fileVersion: 10.0.26100.1150
C:\WINDOWS\SYSTEM32\D3D12Core.dll:D3D12Core.dll (00007FFB1B6D0000), size: 2584576 (result: 0), SymType: '-deferred-', PDB: '', fileVersion: 10.0.26100.4768
C:\WINDOWS\System32\DriverStore\FileRepository\u0415346.inf_amd64_65a03ee01ac1140e\B413472\amdxc64.dll:amdxc64.dll (00007FFA92EB0000), size: 73240576 (result: 0), SymType: '-deferred-', PDB: '', fileVersion: 31.0.21923.1000
C:\WINDOWS\SYSTEM32\amdihk64.dll:amdihk64.dll (00007FFB8AB80000), size: 217088 (result: 0), SymType: '-deferred-', PDB: '', fileVersion: 2.0.0.1788
C:\WINDOWS\SYSTEM32\D3DSCache.dll:D3DSCache.dll (00007FFB89D70000), size: 188416 (result: 0), SymType: '-deferred-', PDB: '', fileVersion: 10.0.26100.3624
C:\WINDOWS\SYSTEM32\USERENV.dll:USERENV.dll (00007FFB95000000), size: 176128 (result: 0), SymType: '-deferred-', PDB: '', fileVersion: 10.0.26100.2454
C:\Program Files\Unity\Hub\Editor\6000.1.8f1\Editor\DirectML.dll:DirectML.dll (00007FFAEB5D0000), size: 14061568 (result: 0), SymType: '-deferred-', PDB: '', fileVersion: 1.13.1.0
C:\WINDOWS\SYSTEM32\DXGIDebug.dll:DXGIDebug.dll (00007FFB86560000), size: 151552 (result: 0), SymType: '-deferred-', PDB: '', fileVersion: 10.0.26100.1882
C:\WINDOWS\SYSTEM32\d3d11on12.dll:d3d11on12.dll (00007FFB47610000), size: 663552 (result: 0), SymType: '-deferred-', PDB: '', fileVersion: 10.0.26100.4484
C:\WINDOWS\SYSTEM32\opencl.dll:opencl.dll (00007FFB8F210000), size: 516096 (result: 0), SymType: '-deferred-', PDB: '', fileVersion: 3.0.1.0
C:\Program Files\Unity\Hub\Editor\6000.1.8f1\Editor\radeonrays.dll:radeonrays.dll (00007FFB462E0000), size: 344064 (result: 0), SymType: '-deferred-', PDB: ''
C:\Program Files\Unity\Hub\Editor\6000.1.8f1\Editor\Data\MonoBleedingEdge\EmbedRuntime\mono-2.0-bdwgc.dll:mono-2.0-bdwgc.dll (00007FFAE7BA0000), size: 10760192 (result: 0), SymType: '-deferred-', PDB: ''
C:\WINDOWS\SYSTEM32\dbghelp.dll:dbghelp.dll (00007FFB89DB0000), size: 2363392 (result: 0), SymType: '-deferred-', PDB: '', fileVersion: 10.0.26100.4202

========== OUTPUTTING STACK TRACE ==================

0x00007FFB95F47F7A (KERNELBASE) RaiseException
0x00007FFABE1883F9 (Unity) EditorMonoConsole::LogToConsoleImplementation
0x00007FFABE1890E0 (Unity) EditorMonoConsole::LogToConsoleImplementation
0x00007FFABEE06DAD (Unity) DebugStringToFilePostprocessedStacktrace
0x00007FFABEE06129 (Unity) DebugStringToFile
0x00007FFABE71C250 (Unity) RegisterAssemblyDefinition
0x00007FFABEB42F35 (Unity) ProcessAssemblyAssets
0x00007FFABEB43CA6 (Unity) UpdateScriptCompilationPipelineCaches
0x00007FFABEA5BEB4 (Unity) AssetImportWorkerClient::RegisterTransientArtifacts
0x00007FFABEA5C13A (Unity) AssetImportWorkerClient::ReloadScriptingDomain
0x00007FFABEA359E6 (Unity) <lambda_913fef31f054ec157f5d299f70518d4d>::operator()
0x00007FFABEB1857F (Unity) asio::detail::completion_handler<core::mutable_function<void __cdecl(void)>,asio::io_context::basic_executor_type<std::allocator<void>,0> >::do_complete
0x00007FFABEB05C81 (Unity) asio::detail::win_iocp_io_context::do_one
0x00007FFABEB06F8E (Unity) asio::detail::win_iocp_io_context::run
0x00007FFABEB16BBC (Unity) IOService::Run
0x00007FFABEA603D8 (Unity) RunAssetImportWorkerClientV2
0x00007FFABEA6049B (Unity) RunAssetImporterV2
0x00007FFABE28AC4B (Unity) Application::InitializeProject
0x00007FFABE871F03 (Unity) UnityMain
0x00007FF627072F2A (Unity) __scrt_common_main_seh
0x00007FFB97DAE8D7 (KERNEL32) BaseThreadInitThunk
0x00007FFB98B5C34C (ntdll) RtlUserThreadStart

========== END OF STACKTRACE ===========

A crash has been intercepted by the crash handler. For call stack and other details, see the latest crash report generated in:
 * C:/Users/lucas/AppData/Local/Temp/Unity/Editor/Crashes
